2025-07-02 14:01:57,403 DEBUG 1 R_FrontEnd.REL_FrontEndLogger - Call url http://localhost:7487/Services/RVT00100Service/RVT00100FileService.svc 
2025-07-02 14:01:57,913 DEBUG 1 R_FrontEnd.REL_FrontEndLogger - Service Proxy http://localhost:7487/Services/RVT00100Service/RVT00100FileService.svc 
2025-07-02 14:02:17,393 DEBUG 1 R_FrontEnd.REL_FrontEndLogger - Call url http://localhost:7487/Services/RVT00100Service/RVT00100FileService.svc 
2025-07-02 14:02:17,405 DEBUG 1 R_FrontEnd.REL_FrontEndLogger - Service Proxy http://localhost:7487/Services/RVT00100Service/RVT00100FileService.svc 
2025-07-02 14:02:51,732 DEBUG 1 R_FrontEnd.REL_FrontEndLogger - Call url http://localhost:7487/Services/RVT00100Service/RVT00100FileService.svc 
2025-07-02 14:02:51,736 DEBUG 1 R_FrontEnd.REL_FrontEndLogger - Service Proxy http://localhost:7487/Services/RVT00100Service/RVT00100FileService.svc 
2025-07-02 14:02:59,789 DEBUG 1 R_FrontEnd.REL_FrontEndLogger - Call url http://localhost:7487/Services/RVT00100Service/RVT00100FileService.svc 
2025-07-02 14:02:59,791 DEBUG 1 R_FrontEnd.REL_FrontEndLogger - Service Proxy http://localhost:7487/Services/RVT00100Service/RVT00100FileService.svc 
2025-07-02 14:03:51,060 DEBUG 1 R_FrontEnd.REL_FrontEndLogger - Call url http://localhost:7487/Services/RVT00100Service/RVT00100FileService.svc 
2025-07-02 14:03:51,062 DEBUG 1 R_FrontEnd.REL_FrontEndLogger - Service Proxy http://localhost:7487/Services/RVT00100Service/RVT00100FileService.svc 
2025-07-02 14:05:37,558 DEBUG 1 R_FrontEnd.REL_FrontEndLogger - Call url http://localhost:7487/Services/RVT00100Service/RVT00100FileService.svc 
2025-07-02 14:05:37,562 DEBUG 1 R_FrontEnd.REL_FrontEndLogger - Service Proxy http://localhost:7487/Services/RVT00100Service/RVT00100FileService.svc 
2025-07-02 14:06:31,314 DEBUG 1 R_FrontEnd.REL_FrontEndLogger - Call url http://localhost:7487/Services/RVT00100Service/RVT00100FileService.svc 
2025-07-02 14:06:31,322 DEBUG 1 R_FrontEnd.REL_FrontEndLogger - Service Proxy http://localhost:7487/Services/RVT00100Service/RVT00100FileService.svc 
2025-07-02 14:07:41,665 DEBUG 1 R_FrontEnd.REL_FrontEndLogger - Call url http://localhost:7487/Services/RVT00100Service/RVT00100FileService.svc 
2025-07-02 14:07:41,672 DEBUG 1 R_FrontEnd.REL_FrontEndLogger - Service Proxy http://localhost:7487/Services/RVT00100Service/RVT00100FileService.svc 
2025-07-02 14:08:23,505 DEBUG 1 R_FrontEnd.REL_FrontEndLogger - Call url http://localhost:7487/Services/RVT00100Service/RVT00100FileService.svc 
2025-07-02 14:08:23,510 DEBUG 1 R_FrontEnd.REL_FrontEndLogger - Service Proxy http://localhost:7487/Services/RVT00100Service/RVT00100FileService.svc 
2025-07-02 15:40:19,183 DEBUG 1 R_FrontEnd.REL_FrontEndLogger - Call url http://localhost:7487/Services/MenuService/MenuService.svc 
2025-07-02 15:40:19,217 DEBUG 1 R_FrontEnd.REL_FrontEndLogger - Service Proxy http://localhost:7487/Services/MenuService/MenuService.svc 
2025-07-02 15:40:19,853 DEBUG 1 R_FrontEnd.REL_FrontEndLogger - Call url http://localhost:7487/Services/LoginService/LoginService.svc 
2025-07-02 15:40:19,863 DEBUG 1 R_FrontEnd.REL_FrontEndLogger - Service Proxy http://localhost:7487/Services/LoginService/LoginService.svc 
